#
# A fatal error has been detected by the Java Runtime Environment:
#
#  EXCEPTION_ACCESS_VIOLATION (0xc0000005) at pc=0x0000024b06621066, pid=4168, tid=0x0000000000000324
#
# JRE version: OpenJDK Runtime Environment (8.0_292-b10) (build 1.8.0_292-b10)
# Java VM: OpenJDK 64-Bit Server VM (25.292-b10 mixed mode windows-amd64 compressed oops)
# Problematic frame:
# C  [OpenAL64.dll+0x11066]
#
# Failed to write core dump. Minidumps are not enabled by default on client versions of Windows
#
# If you would like to submit a bug report, please visit:
#   https://github.com/AdoptOpenJDK/openjdk-support/issues
# The crash happened outside the Java Virtual Machine in native code.
# See problematic frame for where to report the bug.
#

---------------  T H R E A D  ---------------

Current thread (0x0000024b6c192800):  JavaThread "main" [_thread_in_native, id=804, stack(0x000000921b000000,0x000000921b100000)]

siginfo: ExceptionCode=0xc0000005, reading address 0x0000024b05623004

Registers:
RAX=0x0000000085022bc9, RBX=0x0000024b06750090, RCX=0x0000024b05623008, RDX=0x0000024b05623004
RSP=0x000000921b0fcaa0, RBP=0x00000000000000ff, RSI=0x0000024b0561925c, RDI=0x0000000000000000
R8 =0x000000000000276a, R9 =0x0000024b0561925c, R10=0x0000024b6db69c62, R11=0x00000000566d1450
R12=0x0000000000000001, R13=0x0000024b0641c1c8, R14=0x000000921b0fcc40, R15=0x0000024b6c192800
RIP=0x0000024b06621066, EFLAGS=0x0000000000010202

Top of Stack: (sp=0x000000921b0fcaa0)
0x000000921b0fcaa0:   0000000000000000 0000000000000000
0x000000921b0fcab0:   0000000000000000 0000024b6c192800
0x000000921b0fcac0:   000000921b0fcc40 0000024b0641c1c8
0x000000921b0fcad0:   0000024b6c192800 0000024b6c17d970
0x000000921b0fcae0:   0000024b0641c1c8 0000000000000000
0x000000921b0fcaf0:   0000024b6c157a20 000000005656a125
0x000000921b0fcb00:   000000921b0fd3d0 0000024b6c192f80
0x000000921b0fcb10:   0000024b6c192800 000000921b0fcc40
0x000000921b0fcb20:   0000024b0641c1c8 0000000000000000
0x000000921b0fcb30:   0000024b0561925c 0000000000000248
0x000000921b0fcb40:   000000921b0fcc08 0000024b0662248f
0x000000921b0fcb50:   0000024b06750090 0000024b06750090
0x000000921b0fcb60:   000000000000ac44 0000024b85022bc9
0x000000921b0fcb70:   0000024b6db57bd0 0000024b6db69c8e
0x000000921b0fcb80:   0000024b0641c1c8 000000921b0fcb88
0x000000921b0fcb90:   0000024b6db57bd0 0000024b6db6999b 

Instructions: (pc=0x0000024b06621066)
0x0000024b06621046:   41 2b ec 81 3a 03 00 02 00 75 09 8b 01 89 84 24
0x0000024b06621056:   c8 00 00 00 49 83 c0 02 48 83 c1 08 4a 8d 14 86
0x0000024b06621066:   39 3a 75 af 4c 8d 84 24 c0 00 00 00 48 8d 15 d7
0x0000024b06621076:   2b 03 00 33 c9 e8 58 5f 00 00 b8 40 1f 00 00 4c 


Register to memory mapping:

RAX=0x0000000085022bc9 is an unknown value
RBX=0x0000024b06750090 is an unknown value
RCX=0x0000024b05623008 is an unknown value
RDX=0x0000024b05623004 is an unknown value
RSP=0x000000921b0fcaa0 is pointing into the stack for thread: 0x0000024b6c192800
RBP=0x00000000000000ff is an unknown value
RSI=0x0000024b0561925c is an unknown value
RDI=0x0000000000000000 is an unknown value
R8 =0x000000000000276a is an unknown value
R9 =0x0000024b0561925c is an unknown value
R10=0x0000024b6db69c62 is at code_begin+962 in an Interpreter codelet
method entry point (kind = native)  [0x0000024b6db698a0, 0x0000024b6db6a340]  2720 bytes
R11=0x00000000566d1450 is an unknown value
R12=0x0000000000000001 is an unknown value
R13={method} {0x0000024b0641c1d0} 'nalcCreateContext' '(JJ)J' in 'org/lwjgl/openal/ALC10'
R14=0x000000921b0fcc40 is pointing into the stack for thread: 0x0000024b6c192800
R15=0x0000024b6c192800 is a thread


Stack: [0x000000921b000000,0x000000921b100000],  sp=0x000000921b0fcaa0,  free space=1010k
Native frames: (J=compiled Java code, j=interpreted, Vv=VM code, C=native code)
C  [OpenAL64.dll+0x11066]
C  [OpenAL64.dll+0x1248f]
C  0x0000024b6db69c8e

Java frames: (J=compiled Java code, j=interpreted, Vv=VM code)
j  org.lwjgl.openal.ALC10.nalcCreateContext(JJ)J+0
j  org.lwjgl.openal.ALC10.alcCreateContext(Lorg/lwjgl/openal/ALCdevice;Ljava/nio/IntBuffer;)Lorg/lwjgl/openal/ALCcontext;+8
j  org.lwjgl.openal.AL.init(Ljava/lang/String;IIZZ)V+69
j  org.lwjgl.openal.AL.create(Ljava/lang/String;IIZZ)V+246
j  org.lwjgl.openal.AL.create(Ljava/lang/String;IIZ)V+5
j  org.lwjgl.openal.AL.create()V+6
j  com.badlogic.gdx.backends.lwjgl.audio.OpenALAudio.<init>(III)V+114
j  com.badlogic.gdx.backends.lwjgl.LwjglApplication.<init>(Lcom/badlogic/gdx/ApplicationListener;Lcom/badlogic/gdx/backends/lwjgl/LwjglApplicationConfiguration;Lcom/badlogic/gdx/backends/lwjgl/LwjglGraphics;)V+120
j  com.badlogic.gdx.backends.lwjgl.LwjglApplication.<init>(Lcom/badlogic/gdx/ApplicationListener;Lcom/badlogic/gdx/backends/lwjgl/LwjglApplicationConfiguration;)V+11
j  org.uqbar.project.wollok.game.gameboard.WollokGDXApplication.<init>(Lorg/uqbar/project/wollok/game/gameboard/Gameboard;Ljava/lang/Boolean;)V+17
j  org.uqbar.project.wollok.game.helpers.Application.start(Lorg/uqbar/project/wollok/game/gameboard/Gameboard;Ljava/lang/Boolean;)V+5
j  org.uqbar.project.wollok.game.gameboard.Gameboard.start(Ljava/lang/Boolean;)V+13
j  wollok.game.GameObject.doStart(Ljava/lang/Boolean;)V+12
v  ~StubRoutines::call_stub
j  sun.reflect.NativeMethodAccessorImpl.invoke0(Ljava/lang/reflect/Method;Ljava/lang/Object;[Ljava/lang/Object;)Ljava/lang/Object;+0
j  sun.reflect.NativeMethodAccessorImpl.invoke(Ljava/lang/Object;[Ljava/lang/Object;)Ljava/lang/Object;+100
J 2568 C1 sun.reflect.DelegatingMethodAccessorImpl.invoke(Ljava/lang/Object;[Ljava/lang/Object;)Ljava/lang/Object; (10 bytes) @ 0x0000024b6e3cc604 [0x0000024b6e3cc500+0x104]
J 2567 C1 java.lang.reflect.Method.invoke(Ljava/lang/Object;[Ljava/lang/Object;)Ljava/lang/Object; (62 bytes) @ 0x0000024b6e3cc02c [0x0000024b6e3cbc40+0x3ec]
j  org.uqbar.project.wollok.ui.utils.XTendUtilExtensions.invokeConvertingArgs(Ljava/lang/reflect/Method;Ljava/lang/Object;[Ljava/lang/Object;)Lorg/uqbar/project/wollok/interpreter/core/WollokObject;+261
j  org.uqbar.project.wollok.interpreter.AbstractWollokCallable._invokeNative(Ljava/lang/Object;Ljava/lang/String;[Lorg/uqbar/project/wollok/interpreter/core/WollokObject;)Lorg/uqbar/project/wollok/interpreter/core/WollokObject;+41
j  org.uqbar.project.wollok.interpreter.AbstractWollokCallable.invokeNative(Ljava/lang/Object;Ljava/lang/String;[Lorg/uqbar/project/wollok/interpreter/core/WollokObject;)Lorg/uqbar/project/wollok/interpreter/core/WollokObject;+26
j  org.uqbar.project.wollok.interpreter.AbstractWollokCallable$1.apply()Lorg/uqbar/project/wollok/interpreter/core/WollokObject;+55
j  org.uqbar.project.wollok.interpreter.AbstractWollokCallable$1.apply()Ljava/lang/Object;+1
j  org.uqbar.project.wollok.interpreter.threads.WThread.performOnStack(Lorg/eclipse/emf/ecore/EObject;Lorg/uqbar/project/wollok/interpreter/context/EvaluationContext;Lorg/eclipse/xtext/xbase/lib/Functions$Function0;)Lorg/uqbar/project/wollok/interpreter/core/WollokObject;+29
j  org.uqbar.project.wollok.interpreter.WollokInterpreter.performOnStack(Lorg/eclipse/emf/ecore/EObject;Lorg/uqbar/project/wollok/interpreter/context/EvaluationContext;Lorg/eclipse/xtext/xbase/lib/Functions$Function0;)Lorg/uqbar/project/wollok/interpreter/core/WollokObject;+7
j  org.uqbar.project.wollok.interpreter.AbstractWollokCallable.call(Lorg/uqbar/project/wollok/wollokDsl/WMethodDeclaration;[Lorg/uqbar/project/wollok/interpreter/core/WollokObject;)Lorg/uqbar/project/wollok/interpreter/core/WollokObject;+38
j  org.uqbar.project.wollok.interpreter.core.WollokObject.call(Ljava/lang/String;[Lorg/uqbar/project/wollok/interpreter/core/WollokObject;)Lorg/uqbar/project/wollok/interpreter/core/WollokObject;+55
j  org.uqbar.project.wollok.interpreter.WollokInterpreterEvaluator._evaluate(Lorg/uqbar/project/wollok/wollokDsl/WFeatureCall;)Lorg/uqbar/project/wollok/interpreter/core/WollokObject;+119
j  org.uqbar.project.wollok.launch.WollokLauncherInterpreterEvaluator.evaluate(Lorg/eclipse/emf/ecore/EObject;)Lorg/uqbar/project/wollok/interpreter/core/WollokObject;+412
J 3253 C1 org.uqbar.project.wollok.interpreter.WollokInterpreterEvaluator.evaluate(Lorg/eclipse/emf/ecore/EObject;)Ljava/lang/Object; (6 bytes) @ 0x0000024b6e54c82c [0x0000024b6e54c7c0+0x6c]
j  org.uqbar.project.wollok.interpreter.WollokInterpreter.eval(Lorg/eclipse/emf/ecore/EObject;)Lorg/uqbar/project/wollok/interpreter/core/WollokObject;+63
j  org.uqbar.project.wollok.interpreter.WollokInterpreterEvaluator.eval(Lorg/eclipse/emf/ecore/EObject;)Lorg/uqbar/project/wollok/interpreter/core/WollokObject;+5
j  org.uqbar.project.wollok.interpreter.WollokInterpreterEvaluator$1.apply(Lorg/uqbar/project/wollok/interpreter/core/WollokObject;Lorg/eclipse/emf/ecore/EObject;)Lorg/uqbar/project/wollok/interpreter/core/WollokObject;+5
j  org.uqbar.project.wollok.interpreter.WollokInterpreterEvaluator$1.apply(Ljava/lang/Object;Ljava/lang/Object;)Ljava/lang/Object;+9
j  org.eclipse.xtext.xbase.lib.IteratorExtensions.fold(Ljava/util/Iterator;Ljava/lang/Object;Lorg/eclipse/xtext/xbase/lib/Functions$Function2;)Ljava/lang/Object;+19
j  org.eclipse.xtext.xbase.lib.IterableExtensions.fold(Ljava/lang/Iterable;Ljava/lang/Object;Lorg/eclipse/xtext/xbase/lib/Functions$Function2;)Ljava/lang/Object;+8
j  org.uqbar.project.wollok.interpreter.WollokInterpreterEvaluator.evalAll(Ljava/lang/Iterable;)Lorg/uqbar/project/wollok/interpreter/core/WollokObject;+12
j  org.uqbar.project.wollok.interpreter.WollokInterpreterEvaluator._evaluate(Lorg/uqbar/project/wollok/wollokDsl/WBlockExpression;)Lorg/uqbar/project/wollok/interpreter/core/WollokObject;+34
j  org.uqbar.project.wollok.launch.WollokLauncherInterpreterEvaluator.evaluate(Lorg/eclipse/emf/ecore/EObject;)Lorg/uqbar/project/wollok/interpreter/core/WollokObject;+76
J 3253 C1 org.uqbar.project.wollok.interpreter.WollokInterpreterEvaluator.evaluate(Lorg/eclipse/emf/ecore/EObject;)Ljava/lang/Object; (6 bytes) @ 0x0000024b6e54c82c [0x0000024b6e54c7c0+0x6c]
j  org.uqbar.project.wollok.interpreter.WollokInterpreter.eval(Lorg/eclipse/emf/ecore/EObject;)Lorg/uqbar/project/wollok/interpreter/core/WollokObject;+63
j  org.uqbar.project.wollok.interpreter.AbstractWollokCallable.eval(Lorg/eclipse/emf/ecore/EObject;)Lorg/uqbar/project/wollok/interpreter/core/WollokObject;+5
j  org.uqbar.project.wollok.interpreter.AbstractWollokCallable$1.apply()Lorg/uqbar/project/wollok/interpreter/core/WollokObject;+110
j  org.uqbar.project.wollok.interpreter.AbstractWollokCallable$1.apply()Ljava/lang/Object;+1
j  org.uqbar.project.wollok.interpreter.threads.WThread.performOnStack(Lorg/eclipse/emf/ecore/EObject;Lorg/uqbar/project/wollok/interpreter/context/EvaluationContext;Lorg/eclipse/xtext/xbase/lib/Functions$Function0;)Lorg/uqbar/project/wollok/interpreter/core/WollokObject;+29
j  org.uqbar.project.wollok.interpreter.WollokInterpreter.performOnStack(Lorg/eclipse/emf/ecore/EObject;Lorg/uqbar/project/wollok/interpreter/context/EvaluationContext;Lorg/eclipse/xtext/xbase/lib/Functions$Function0;)Lorg/uqbar/project/wollok/interpreter/core/WollokObject;+7
j  org.uqbar.project.wollok.interpreter.AbstractWollokCallable.call(Lorg/uqbar/project/wollok/wollokDsl/WMethodDeclaration;[Lorg/uqbar/project/wollok/interpreter/core/WollokObject;)Lorg/uqbar/project/wollok/interpreter/core/WollokObject;+38
j  org.uqbar.project.wollok.interpreter.core.WollokObject.call(Ljava/lang/String;[Lorg/uqbar/project/wollok/interpreter/core/WollokObject;)Lorg/uqbar/project/wollok/interpreter/core/WollokObject;+55
j  org.uqbar.project.wollok.interpreter.WollokInterpreterEvaluator._evaluate(Lorg/uqbar/project/wollok/wollokDsl/WFeatureCall;)Lorg/uqbar/project/wollok/interpreter/core/WollokObject;+119
j  org.uqbar.project.wollok.launch.WollokLauncherInterpreterEvaluator.evaluate(Lorg/eclipse/emf/ecore/EObject;)Lorg/uqbar/project/wollok/interpreter/core/WollokObject;+412
J 3253 C1 org.uqbar.project.wollok.interpreter.WollokInterpreterEvaluator.evaluate(Lorg/eclipse/emf/ecore/EObject;)Ljava/lang/Object; (6 bytes) @ 0x0000024b6e54c82c [0x0000024b6e54c7c0+0x6c]
j  org.uqbar.project.wollok.interpreter.WollokInterpreter.eval(Lorg/eclipse/emf/ecore/EObject;)Lorg/uqbar/project/wollok/interpreter/core/WollokObject;+63
j  org.uqbar.project.wollok.interpreter.WollokInterpreterEvaluator.eval(Lorg/eclipse/emf/ecore/EObject;)Lorg/uqbar/project/wollok/interpreter/core/WollokObject;+5
j  org.uqbar.project.wollok.interpreter.WollokInterpreterEvaluator$1.apply(Lorg/uqbar/project/wollok/interpreter/core/WollokObject;Lorg/eclipse/emf/ecore/EObject;)Lorg/uqbar/project/wollok/interpreter/core/WollokObject;+5
j  org.uqbar.project.wollok.interpreter.WollokInterpreterEvaluator$1.apply(Ljava/lang/Object;Ljava/lang/Object;)Ljava/lang/Object;+9
j  org.eclipse.xtext.xbase.lib.IteratorExtensions.fold(Ljava/util/Iterator;Ljava/lang/Object;Lorg/eclipse/xtext/xbase/lib/Functions$Function2;)Ljava/lang/Object;+19
j  org.eclipse.xtext.xbase.lib.IterableExtensions.fold(Ljava/lang/Iterable;Ljava/lang/Object;Lorg/eclipse/xtext/xbase/lib/Functions$Function2;)Ljava/lang/Object;+8
j  org.uqbar.project.wollok.interpreter.WollokInterpreterEvaluator.evalAll(Ljava/lang/Iterable;)Lorg/uqbar/project/wollok/interpreter/core/WollokObject;+12
j  org.uqbar.project.wollok.interpreter.WollokInterpreterEvaluator._evaluate(Lorg/uqbar/project/wollok/wollokDsl/WProgram;)Lorg/uqbar/project/wollok/interpreter/core/WollokObject;+18
j  org.uqbar.project.wollok.launch.WollokLauncherInterpreterEvaluator.evaluate(Lorg/eclipse/emf/ecore/EObject;)Lorg/uqbar/project/wollok/interpreter/core/WollokObject;+444
j  org.uqbar.project.wollok.interpreter.WollokInterpreterEvaluator.evaluate(Lorg/eclipse/emf/ecore/EObject;)Ljava/lang/Object;+2
j  org.uqbar.project.wollok.interpreter.WollokInterpreter.eval(Lorg/eclipse/emf/ecore/EObject;)Lorg/uqbar/project/wollok/interpreter/core/WollokObject;+63
j  org.uqbar.project.wollok.interpreter.WollokInterpreterEvaluator.eval(Lorg/eclipse/emf/ecore/EObject;)Lorg/uqbar/project/wollok/interpreter/core/WollokObject;+5
j  org.uqbar.project.wollok.launch.WollokLauncherInterpreterEvaluator._evaluate(Lorg/uqbar/project/wollok/wollokDsl/WFile;)Lorg/uqbar/project/wollok/interpreter/core/WollokObject;+32
j  org.uqbar.project.wollok.launch.WollokLauncherInterpreterEvaluator.evaluate(Lorg/eclipse/emf/ecore/EObject;)Lorg/uqbar/project/wollok/interpreter/core/WollokObject;+428
j  org.uqbar.project.wollok.interpreter.WollokInterpreterEvaluator.evaluate(Lorg/eclipse/emf/ecore/EObject;)Ljava/lang/Object;+2
j  org.uqbar.project.wollok.interpreter.WollokInterpreter.interpret(Lorg/eclipse/emf/ecore/EObject;Ljava/lang/Boolean;)Lorg/uqbar/project/wollok/interpreter/core/WollokObject;+25
j  org.uqbar.project.wollok.interpreter.WollokInterpreter.interpret(Lorg/eclipse/emf/ecore/EObject;)Lorg/uqbar/project/wollok/interpreter/core/WollokObject;+8
j  org.uqbar.project.wollok.launch.WollokLauncher.doSomething(Lorg/uqbar/project/wollok/wollokDsl/WFile;Lcom/google/inject/Injector;Ljava/io/File;Lorg/uqbar/project/wollok/launch/WollokLauncherParameters;)V+109
j  org.uqbar.project.wollok.launch.WollokChecker.launch(Ljava/lang/String;Lorg/uqbar/project/wollok/launch/WollokLauncherParameters;)V+31
j  org.uqbar.project.wollok.launch.WollokChecker.doMain([Ljava/lang/String;)V+205
j  org.uqbar.project.wollok.launch.WollokLauncher.main([Ljava/lang/String;)V+8
v  ~StubRoutines::call_stub

---------------  P R O C E S S  ---------------

Java Threads: ( => current thread )
  0x0000024b022d6800 JavaThread "com.google.inject.internal.util.$Finalizer" daemon [_thread_blocked, id=1508, stack(0x000000921c500000,0x000000921c600000)]
  0x0000024b02042800 JavaThread "EMF Reference Cleaner" daemon [_thread_blocked, id=2904, stack(0x000000921c400000,0x000000921c500000)]
  0x0000024b019e8800 JavaThread "Service Thread" daemon [_thread_blocked, id=4512, stack(0x000000921c200000,0x000000921c300000)]
  0x0000024b7fb1f000 JavaThread "C1 CompilerThread3" daemon [_thread_blocked, id=7360, stack(0x000000921c100000,0x000000921c200000)]
  0x0000024b7fb1e000 JavaThread "C2 CompilerThread2" daemon [_thread_blocked, id=11572, stack(0x000000921c000000,0x000000921c100000)]
  0x0000024b7fb0d000 JavaThread "C2 CompilerThread1" daemon [_thread_blocked, id=10092, stack(0x000000921bf00000,0x000000921c000000)]
  0x0000024b7fb11000 JavaThread "C2 CompilerThread0" daemon [_thread_blocked, id=3796, stack(0x000000921be00000,0x000000921bf00000)]
  0x0000024b7faf4000 JavaThread "Attach Listener" daemon [_thread_blocked, id=10644, stack(0x000000921bd00000,0x000000921be00000)]
  0x0000024b7fb09800 JavaThread "Signal Dispatcher" daemon [_thread_blocked, id=11952, stack(0x000000921bc00000,0x000000921bd00000)]
  0x0000024b7fada800 JavaThread "Finalizer" daemon [_thread_blocked, id=10228, stack(0x000000921bb00000,0x000000921bc00000)]
  0x0000024b7fad3000 JavaThread "Reference Handler" daemon [_thread_blocked, id=9816, stack(0x000000921ba00000,0x000000921bb00000)]
=>0x0000024b6c192800 JavaThread "main" [_thread_in_native, id=804, stack(0x000000921b000000,0x000000921b100000)]

Other Threads:
  0x0000024b7faa9000 VMThread [stack: 0x000000921b900000,0x000000921ba00000] [id=4592]
  0x0000024b019e9800 WatcherThread [stack: 0x000000921c300000,0x000000921c400000] [id=9168]

VM state:not at safepoint (normal execution)

VM Mutex/Monitor currently owned by a thread: None

heap address: 0x00000000c4c00000, size: 948 MB, Compressed Oops mode: 32-bit
Narrow klass base: 0x0000000000000000, Narrow klass shift: 3
Compressed class space size: 1073741824 Address: 0x0000000100000000

Heap:
 PSYoungGen      total 64000K, used 43903K [0x00000000ec400000, 0x00000000f5b00000, 0x0000000100000000)
  eden space 61440K, 71% used [0x00000000ec400000,0x00000000eeedff60,0x00000000f0000000)
  from space 2560K, 0% used [0x00000000f0000000,0x00000000f0000000,0x00000000f0280000)
  to   space 15872K, 0% used [0x00000000f4b80000,0x00000000f4b80000,0x00000000f5b00000)
 ParOldGen       total 59904K, used 22048K [0x00000000c4c00000, 0x00000000c8680000, 0x00000000ec400000)
  object space 59904K, 36% used [0x00000000c4c00000,0x00000000c6188228,0x00000000c8680000)
 Metaspace       used 21341K, capacity 21652K, committed 21760K, reserved 1069056K
  class space    used 2698K, capacity 2796K, committed 2816K, reserved 1048576K

Card table byte_map: [0x0000024b7cf10000,0x0000024b7d0f0000] byte_map_base: 0x0000024b7c8ea000

Marking Bits: (ParMarkBitMap*) 0x0000000056cbc820
 Begin Bits: [0x0000024b7d0f0000, 0x0000024b7dfc0000)
 End Bits:   [0x0000024b7dfc0000, 0x0000024b7ee90000)

Polling page: 0x0000024b6c110000

CodeCache: size=245760Kb used=10568Kb max_used=10590Kb free=235191Kb
 bounds [0x0000024b6db50000, 0x0000024b6e5b0000, 0x0000024b7cb50000]
 total_blobs=3773 nmethods=3332 adapters=353
 compilation: enabled

Compilation events (10 events):
Event: 2.420 Thread 0x0000024b7fb1f000 nmethod 3331 0x0000024b6e5a3290 code [0x0000024b6e5a3400, 0x0000024b6e5a3590]
Event: 2.426 Thread 0x0000024b7fb1e000 nmethod 3329 0x0000024b6e5a1e50 code [0x0000024b6e5a2020, 0x0000024b6e5a27d0]
Event: 2.426 Thread 0x0000024b7fb0d000 3332   !   4       java.lang.ClassLoader::loadClass (122 bytes)
Event: 2.428 Thread 0x0000024b7fb1f000 3333       3       java.nio.DirectByteBuffer::put (18 bytes)
Event: 2.428 Thread 0x0000024b7fb1f000 

Event: 2.428 Thread 0x0000024b7fb1f000 3334       3       java.nio.DirectByteBuffer::ix (10 bytes)
Event: 2.428 Thread 0x0000024b7fb1f000 nmethod 3334 0x0000024b6e5a4c10 code [0x0000024b6e5a4d60, 0x0000024b6e5a4eb8]
Event: 2.428 Thread 0x0000024b7fb1f000 3336       3       java.nio.DirectByteBuffer::put (18 bytes)
Event: 2.428 Thread 0x0000024b7fb1f000 nmethod 3336 0x0000024b6e5a4710 code [0x0000024b6e5a4880, 0x0000024b6e5a4af8]
Event: 2.468 Thread 0x0000024b7fb0d000 nmethod 3332 0x0000024b6e5a9790 code [0x0000024b6e5a9b20, 0x0000024b6e5ac5e8]

GC Heap History (10 events):
Event: 0.418 GC heap before
{Heap before GC invocations=2 (full 0):
 PSYoungGen      total 17920K, used 17902K [0x00000000ec400000, 0x00000000ee700000, 0x0000000100000000)
  eden space 15360K, 100% used [0x00000000ec400000,0x00000000ed300000,0x00000000ed300000)
  from space 2560K, 99% used [0x00000000ed300000,0x00000000ed57b978,0x00000000ed580000)
  to   space 2560K, 0% used [0x00000000ee480000,0x00000000ee480000,0x00000000ee700000)
 ParOldGen       total 40960K, used 528K [0x00000000c4c00000, 0x00000000c7400000, 0x00000000ec400000)
  object space 40960K, 1% used [0x00000000c4c00000,0x00000000c4c841a0,0x00000000c7400000)
 Metaspace       used 5676K, capacity 5774K, committed 5888K, reserved 1056768K
  class space    used 619K, capacity 663K, committed 768K, reserved 1048576K
Event: 0.421 GC heap after
Heap after GC invocations=2 (full 0):
 PSYoungGen      total 33280K, used 2538K [0x00000000ec400000, 0x00000000ee700000, 0x0000000100000000)
  eden space 30720K, 0% used [0x00000000ec400000,0x00000000ec400000,0x00000000ee200000)
  from space 2560K, 99% used [0x00000000ee480000,0x00000000ee6fa9e8,0x00000000ee700000)
  to   space 2560K, 0% used [0x00000000ee200000,0x00000000ee200000,0x00000000ee480000)
 ParOldGen       total 40960K, used 5102K [0x00000000c4c00000, 0x00000000c7400000, 0x00000000ec400000)
  object space 40960K, 12% used [0x00000000c4c00000,0x00000000c50fb880,0x00000000c7400000)
 Metaspace       used 5676K, capacity 5774K, committed 5888K, reserved 1056768K
  class space    used 619K, capacity 663K, committed 768K, reserved 1048576K
}
Event: 0.726 GC heap before
{Heap before GC invocations=3 (full 0):
 PSYoungGen      total 33280K, used 33024K [0x00000000ec400000, 0x00000000ee700000, 0x0000000100000000)
  eden space 30720K, 99% used [0x00000000ec400000,0x00000000ee1c5798,0x00000000ee200000)
  from space 2560K, 99% used [0x00000000ee480000,0x00000000ee6fa9e8,0x00000000ee700000)
  to   space 2560K, 0% used [0x00000000ee200000,0x00000000ee200000,0x00000000ee480000)
 ParOldGen       total 40960K, used 5102K [0x00000000c4c00000, 0x00000000c7400000, 0x00000000ec400000)
  object space 40960K, 12% used [0x00000000c4c00000,0x00000000c50fb880,0x00000000c7400000)
 Metaspace       used 8578K, capacity 8692K, committed 8832K, reserved 1056768K
  class space    used 1030K, capacity 1080K, committed 1152K, reserved 1048576K
Event: 0.732 GC heap after
Heap after GC invocations=3 (full 0):
 PSYoungGen      total 33280K, used 2541K [0x00000000ec400000, 0x00000000f0500000, 0x0000000100000000)
  eden space 30720K, 0% used [0x00000000ec400000,0x00000000ec400000,0x00000000ee200000)
  from space 2560K, 99% used [0x00000000ee200000,0x00000000ee47b600,0x00000000ee480000)
  to   space 2560K, 0% used [0x00000000f0280000,0x00000000f0280000,0x00000000f0500000)
 ParOldGen       total 40960K, used 12477K [0x00000000c4c00000, 0x00000000c7400000, 0x00000000ec400000)
  object space 40960K, 30% used [0x00000000c4c00000,0x00000000c582f7b8,0x00000000c7400000)
 Metaspace       used 8578K, capacity 8692K, committed 8832K, reserved 1056768K
  class space    used 1030K, capacity 1080K, committed 1152K, reserved 1048576K
}
Event: 1.006 GC heap before
{Heap before GC invocations=4 (full 0):
 PSYoungGen      total 33280K, used 33261K [0x00000000ec400000, 0x00000000f0500000, 0x0000000100000000)
  eden space 30720K, 100% used [0x00000000ec400000,0x00000000ee200000,0x00000000ee200000)
  from space 2560K, 99% used [0x00000000ee200000,0x00000000ee47b600,0x00000000ee480000)
  to   space 2560K, 0% used [0x00000000f0280000,0x00000000f0280000,0x00000000f0500000)
 ParOldGen       total 40960K, used 12477K [0x00000000c4c00000, 0x00000000c7400000, 0x00000000ec400000)
  object space 40960K, 30% used [0x00000000c4c00000,0x00000000c582f7b8,0x00000000c7400000)
 Metaspace       used 11719K, capacity 11866K, committed 12032K, reserved 1060864K
  class space    used 1454K, capacity 1497K, committed 1536K, reserved 1048576K
Event: 1.011 GC heap after
Heap after GC invocations=4 (full 0):
 PSYoungGen      total 64000K, used 2548K [0x00000000ec400000, 0x00000000f0500000, 0x0000000100000000)
  eden space 61440K, 0% used [0x00000000ec400000,0x00000000ec400000,0x00000000f0000000)
  from space 2560K, 99% used [0x00000000f0280000,0x00000000f04fd190,0x00000000f0500000)
  to   space 2560K, 0% used [0x00000000f0000000,0x00000000f0000000,0x00000000f0280000)
 ParOldGen       total 40960K, used 18535K [0x00000000c4c00000, 0x00000000c7400000, 0x00000000ec400000)
  object space 40960K, 45% used [0x00000000c4c00000,0x00000000c5e19d18,0x00000000c7400000)
 Metaspace       used 11719K, capacity 11866K, committed 12032K, reserved 1060864K
  class space    used 1454K, capacity 1497K, committed 1536K, reserved 1048576K
}
Event: 1.751 GC heap before
{Heap before GC invocations=5 (full 0):
 PSYoungGen      total 64000K, used 63988K [0x00000000ec400000, 0x00000000f0500000, 0x0000000100000000)
  eden space 61440K, 100% used [0x00000000ec400000,0x00000000f0000000,0x00000000f0000000)
  from space 2560K, 99% used [0x00000000f0280000,0x00000000f04fd190,0x00000000f0500000)
  to   space 2560K, 0% used [0x00000000f0000000,0x00000000f0000000,0x00000000f0280000)
 ParOldGen       total 40960K, used 18535K [0x00000000c4c00000, 0x00000000c7400000, 0x00000000ec400000)
  object space 40960K, 45% used [0x00000000c4c00000,0x00000000c5e19d18,0x00000000c7400000)
 Metaspace       used 18810K, capacity 19028K, committed 19200K, reserved 1067008K
  class space    used 2435K, capacity 2510K, committed 2560K, reserved 1048576K
Event: 1.759 GC heap after
Heap after GC invocations=5 (full 0):
 PSYoungGen      total 64000K, used 2547K [0x00000000ec400000, 0x00000000f5b00000, 0x0000000100000000)
  eden space 61440K, 0% used [0x00000000ec400000,0x00000000ec400000,0x00000000f0000000)
  from space 2560K, 99% used [0x00000000f0000000,0x00000000f027cc70,0x00000000f0280000)
  to   space 15872K, 0% used [0x00000000f4b80000,0x00000000f4b80000,0x00000000f5b00000)
 ParOldGen       total 40960K, used 30011K [0x00000000c4c00000, 0x00000000c7400000, 0x00000000ec400000)
  object space 40960K, 73% used [0x00000000c4c00000,0x00000000c694ee40,0x00000000c7400000)
 Metaspace       used 18810K, capacity 19028K, committed 19200K, reserved 1067008K
  class space    used 2435K, capacity 2510K, committed 2560K, reserved 1048576K
}
Event: 1.759 GC heap before
{Heap before GC invocations=6 (full 1):
 PSYoungGen      total 64000K, used 2547K [0x00000000ec400000, 0x00000000f5b00000, 0x0000000100000000)
  eden space 61440K, 0% used [0x00000000ec400000,0x00000000ec400000,0x00000000f0000000)
  from space 2560K, 99% used [0x00000000f0000000,0x00000000f027cc70,0x00000000f0280000)
  to   space 15872K, 0% used [0x00000000f4b80000,0x00000000f4b80000,0x00000000f5b00000)
 ParOldGen       total 40960K, used 30011K [0x00000000c4c00000, 0x00000000c7400000, 0x00000000ec400000)
  object space 40960K, 73% used [0x00000000c4c00000,0x00000000c694ee40,0x00000000c7400000)
 Metaspace       used 18810K, capacity 19028K, committed 19200K, reserved 1067008K
  class space    used 2435K, capacity 2510K, committed 2560K, reserved 1048576K
Event: 1.794 GC heap after
Heap after GC invocations=6 (full 1):
 PSYoungGen      total 64000K, used 0K [0x00000000ec400000, 0x00000000f5b00000, 0x0000000100000000)
  eden space 61440K, 0% used [0x00000000ec400000,0x00000000ec400000,0x00000000f0000000)
  from space 2560K, 0% used [0x00000000f0000000,0x00000000f0000000,0x00000000f0280000)
  to   space 15872K, 0% used [0x00000000f4b80000,0x00000000f4b80000,0x00000000f5b00000)
 ParOldGen       total 59904K, used 22048K [0x00000000c4c00000, 0x00000000c8680000, 0x00000000ec400000)
  object space 59904K, 36% used [0x00000000c4c00000,0x00000000c6188228,0x00000000c8680000)
 Metaspace       used 18810K, capacity 19028K, committed 19200K, reserved 1067008K
  class space    used 2435K, capacity 2510K, committed 2560K, reserved 1048576K
}

Deoptimization events (10 events):
Event: 1.966 Thread 0x0000024b6c192800 Uncommon trap: reason=unstable_if action=reinterpret pc=0x0000024b6e3e78e8 method=org.eclipse.emf.common.notify.impl.BasicNotifierImpl$EAdapterList.data()[Ljava/lang/Object; @ 16
Event: 1.970 Thread 0x0000024b6c192800 Uncommon trap: reason=class_check action=maybe_recompile pc=0x0000024b6e263b3c method=org.eclipse.xtext.nodemodel.impl.NodeModelBuilder.addChild(Lorg/eclipse/xtext/nodemodel/ICompositeNode;Lorg/eclipse/xtext/nodemodel/impl/AbstractNode;)V @ 6
Event: 1.972 Thread 0x0000024b6c192800 Uncommon trap: reason=unstable_if action=reinterpret pc=0x0000024b6e427e04 method=org.eclipse.emf.common.notify.impl.BasicNotifierImpl$EAdapterList.getAdapterForType(Ljava/lang/Object;)Lorg/eclipse/emf/common/notify/Adapter; @ 50
Event: 1.979 Thread 0x0000024b6c192800 Uncommon trap: reason=class_check action=maybe_recompile pc=0x0000024b6e264684 method=org.eclipse.xtext.nodemodel.impl.NodeModelBuilder.addChild(Lorg/eclipse/xtext/nodemodel/ICompositeNode;Lorg/eclipse/xtext/nodemodel/impl/AbstractNode;)V @ 6
Event: 1.981 Thread 0x0000024b6c192800 Uncommon trap: reason=unstable_if action=reinterpret pc=0x0000024b6e415fd8 method=org.eclipse.emf.common.notify.impl.BasicNotifierImpl$EAdapterList.getAdapterForType(Ljava/lang/Object;)Lorg/eclipse/emf/common/notify/Adapter; @ 50
Event: 1.981 Thread 0x0000024b6c192800 Uncommon trap: reason=unstable_if action=reinterpret pc=0x0000024b6e40251c method=org.eclipse.emf.common.notify.impl.BasicNotifierImpl$EAdapterList.data()[Ljava/lang/Object; @ 16
Event: 2.076 Thread 0x0000024b6c192800 Uncommon trap: reason=unstable_if action=reinterpret pc=0x0000024b6e0a8cfc method=java.util.concurrent.ConcurrentHashMap.putVal(Ljava/lang/Object;Ljava/lang/Object;Z)Ljava/lang/Object; @ 181
Event: 2.296 Thread 0x0000024b6c192800 Uncommon trap: reason=unstable_if action=reinterpret pc=0x0000024b6df0dda0 method=java.io.WinNTFileSystem.normalize(Ljava/lang/String;)Ljava/lang/String; @ 49
Event: 2.409 Thread 0x0000024b6c192800 Uncommon trap: reason=unstable_if action=reinterpret pc=0x0000024b6dd0adc4 method=java.lang.ThreadLocal$ThreadLocalMap.getEntry(Ljava/lang/ThreadLocal;)Ljava/lang/ThreadLocal$ThreadLocalMap$Entry; @ 29
Event: 2.410 Thread 0x0000024b6c192800 Uncommon trap: reason=unstable_if action=reinterpret pc=0x0000024b6dd1129c method=java.lang.ThreadLocal$ThreadLocalMap.getEntry(Ljava/lang/ThreadLocal;)Ljava/lang/ThreadLocal$ThreadLocalMap$Entry; @ 29

Classes redefined (0 events):
No events

Internal exceptions (10 events):
Event: 2.146 Thread 0x0000024b6c192800 Exception <a 'java/lang/reflect/InvocationTargetException'> (0x00000000edc1e2c8) thrown at [C:\Jenkins\temp\workspace\build\src\hotspot\src\share\vm\runtime\reflection.cpp, line 1092]
Event: 2.146 Thread 0x0000024b6c192800 Exception <a 'java/lang/reflect/InvocationTargetException'> (0x00000000edc23598) thrown at [C:\Jenkins\temp\workspace\build\src\hotspot\src\share\vm\runtime\reflection.cpp, line 1092]
Event: 2.146 Thread 0x0000024b6c192800 Exception <a 'java/lang/reflect/InvocationTargetException'> (0x00000000edc28950) thrown at [C:\Jenkins\temp\workspace\build\src\hotspot\src\share\vm\runtime\reflection.cpp, line 1092]
Event: 2.151 Thread 0x0000024b6c192800 Exception <a 'java/lang/reflect/InvocationTargetException'> (0x00000000edc99bd8) thrown at [C:\Jenkins\temp\workspace\build\src\hotspot\src\share\vm\runtime\reflection.cpp, line 1092]
Event: 2.435 Thread 0x0000024b6c192800 Exception <a 'java/security/PrivilegedActionException'> (0x00000000eed6fa58) thrown at [C:\Jenkins\temp\workspace\build\src\hotspot\src\share\vm\prims\jvm.cpp, line 1523]
Event: 2.435 Thread 0x0000024b6c192800 Exception <a 'java/security/PrivilegedActionException'> (0x00000000eed70f88) thrown at [C:\Jenkins\temp\workspace\build\src\hotspot\src\share\vm\prims\jvm.cpp, line 1523]
Event: 2.435 Thread 0x0000024b6c192800 Exception <a 'java/security/PrivilegedActionException'> (0x00000000eed723b8) thrown at [C:\Jenkins\temp\workspace\build\src\hotspot\src\share\vm\prims\jvm.cpp, line 1523]
Event: 2.435 Thread 0x0000024b6c192800 Exception <a 'java/security/PrivilegedActionException'> (0x00000000eed73a78) thrown at [C:\Jenkins\temp\workspace\build\src\hotspot\src\share\vm\prims\jvm.cpp, line 1523]
Event: 2.435 Thread 0x0000024b6c192800 Exception <a 'java/security/PrivilegedActionException'> (0x00000000eed74e70) thrown at [C:\Jenkins\temp\workspace\build\src\hotspot\src\share\vm\prims\jvm.cpp, line 1523]
Event: 2.435 Thread 0x0000024b6c192800 Exception <a 'java/security/PrivilegedActionException'> (0x00000000eed76238) thrown at [C:\Jenkins\temp\workspace\build\src\hotspot\src\share\vm\prims\jvm.cpp, line 1523]

Events (10 events):
Event: 2.456 loading class org/lwjgl/openal/ALCdevice
Event: 2.456 loading class org/lwjgl/openal/ALCdevice done
Event: 2.457 loading class org/lwjgl/openal/ALCcontext
Event: 2.457 loading class org/lwjgl/openal/ALCcontext done
Event: 2.457 loading class java/nio/DirectIntBufferU
Event: 2.457 loading class java/nio/DirectIntBufferU done
Event: 2.458 loading class org/lwjgl/openal/Util
Event: 2.458 loading class org/lwjgl/openal/Util done
Event: 2.458 loading class org/lwjgl/openal/OpenALException
Event: 2.458 loading class org/lwjgl/openal/OpenALException done


Dynamic libraries:
0x00007ff6586c0000 - 0x00007ff6586fa000 	C:\Program Files\AdoptOpenJDK\jdk-8.0.292.10-hotspot\bin\javaw.exe
0x00007ffb95330000 - 0x00007ffb95525000 	C:\WINDOWS\SYSTEM32\ntdll.dll
0x00007ffb94140000 - 0x00007ffb941fd000 	C:\WINDOWS\System32\KERNEL32.DLL
0x00007ffb92e20000 - 0x00007ffb930e8000 	C:\WINDOWS\System32\KERNELBASE.dll
0x00007ffb933a0000 - 0x00007ffb9344c000 	C:\WINDOWS\System32\ADVAPI32.dll
0x00007ffb95170000 - 0x00007ffb9520e000 	C:\WINDOWS\System32\msvcrt.dll
0x00007ffb93c40000 - 0x00007ffb93cdb000 	C:\WINDOWS\System32\sechost.dll
0x00007ffb94270000 - 0x00007ffb9439b000 	C:\WINDOWS\System32\RPCRT4.dll
0x00007ffb93f50000 - 0x00007ffb940f0000 	C:\WINDOWS\System32\USER32.dll
0x00007ffb92a70000 - 0x00007ffb92a92000 	C:\WINDOWS\System32\win32u.dll
0x00007ffb94400000 - 0x00007ffb9442a000 	C:\WINDOWS\System32\GDI32.dll
0x00007ffb93290000 - 0x00007ffb9339b000 	C:\WINDOWS\System32\gdi32full.dll
0x00007ffb92d80000 - 0x00007ffb92e1d000 	C:\WINDOWS\System32\msvcp_win.dll
0x00007ffb92c00000 - 0x00007ffb92d00000 	C:\WINDOWS\System32\ucrtbase.dll
0x00007ffb78c10000 - 0x00007ffb78eaa000 	C:\WINDOWS\WinSxS\amd64_microsoft.windows.common-controls_6595b64144ccf1df_6.0.19041.1052_none_60b8f8fd71f5e8cb\COMCTL32.dll
0x00007ffb94110000 - 0x00007ffb94140000 	C:\WINDOWS\System32\IMM32.DLL
0x00007ffb5f940000 - 0x00007ffb5fa2f000 	C:\Program Files\AdoptOpenJDK\jdk-8.0.292.10-hotspot\jre\bin\msvcr120.dll
0x00007ffb64630000 - 0x00007ffb646d6000 	C:\Program Files\AdoptOpenJDK\jdk-8.0.292.10-hotspot\jre\bin\msvcp120.dll
0x00000000564d0000 - 0x0000000056d3b000 	C:\Program Files\AdoptOpenJDK\jdk-8.0.292.10-hotspot\jre\bin\server\jvm.dll
0x00007ffb93f40000 - 0x00007ffb93f48000 	C:\WINDOWS\System32\PSAPI.DLL
0x00007ffb8b9a0000 - 0x00007ffb8b9a9000 	C:\WINDOWS\SYSTEM32\WSOCK32.dll
0x00007ffb88760000 - 0x00007ffb8876a000 	C:\WINDOWS\SYSTEM32\VERSION.dll
0x00007ffb79a40000 - 0x00007ffb79a67000 	C:\WINDOWS\SYSTEM32\WINMM.dll
0x00007ffb94200000 - 0x00007ffb9426b000 	C:\WINDOWS\System32\WS2_32.dll
0x00007ffb89700000 - 0x00007ffb8970f000 	C:\Program Files\AdoptOpenJDK\jdk-8.0.292.10-hotspot\jre\bin\verify.dll
0x00007ffb77500000 - 0x00007ffb77529000 	C:\Program Files\AdoptOpenJDK\jdk-8.0.292.10-hotspot\jre\bin\java.dll
0x00007ffb879b0000 - 0x00007ffb879c6000 	C:\Program Files\AdoptOpenJDK\jdk-8.0.292.10-hotspot\jre\bin\zip.dll
0x00007ffb93500000 - 0x00007ffb93c3f000 	C:\WINDOWS\System32\SHELL32.dll
0x00007ffb907f0000 - 0x00007ffb90f80000 	C:\WINDOWS\SYSTEM32\windows.storage.dll
0x00007ffb94c80000 - 0x00007ffb94fd5000 	C:\WINDOWS\System32\combase.dll
0x00007ffb92410000 - 0x00007ffb9243c000 	C:\WINDOWS\SYSTEM32\Wldp.dll
0x00007ffb93450000 - 0x00007ffb934fe000 	C:\WINDOWS\System32\SHCORE.dll
0x00007ffb949c0000 - 0x00007ffb94a15000 	C:\WINDOWS\System32\shlwapi.dll
0x00007ffb929b0000 - 0x00007ffb929cf000 	C:\WINDOWS\SYSTEM32\profapi.dll
0x00007ffb773e0000 - 0x00007ffb77403000 	C:\Program Files\AdoptOpenJDK\jdk-8.0.292.10-hotspot\jre\bin\sunec.dll
0x0000000065580000 - 0x0000000065616000 	C:\Users\magal\AppData\Local\Temp\libgdxmagal\12dfaa03\gdx64.dll
0x00007ffb92350000 - 0x00007ffb92368000 	C:\WINDOWS\SYSTEM32\CRYPTSP.dll
0x00007ffb91b20000 - 0x00007ffb91b54000 	C:\WINDOWS\system32\rsaenh.dll
0x00007ffb92d50000 - 0x00007ffb92d77000 	C:\WINDOWS\System32\bcrypt.dll
0x00007ffb928c0000 - 0x00007ffb928ee000 	C:\WINDOWS\SYSTEM32\USERENV.dll
0x00007ffb93150000 - 0x00007ffb931d3000 	C:\WINDOWS\System32\bcryptprimitives.dll
0x00007ffb92370000 - 0x00007ffb9237c000 	C:\WINDOWS\SYSTEM32\CRYPTBASE.dll
0x00007ffb77430000 - 0x00007ffb7744a000 	C:\Program Files\AdoptOpenJDK\jdk-8.0.292.10-hotspot\jre\bin\net.dll
0x00007ffb92180000 - 0x00007ffb921ea000 	C:\WINDOWS\system32\mswsock.dll
0x00007ffb91e70000 - 0x00007ffb91eab000 	C:\WINDOWS\SYSTEM32\IPHLPAPI.DLL
0x00007ffb94a20000 - 0x00007ffb94a28000 	C:\WINDOWS\System32\NSI.dll
0x00007ffb85ca0000 - 0x00007ffb85cb7000 	C:\WINDOWS\SYSTEM32\dhcpcsvc6.DLL
0x00007ffb87420000 - 0x00007ffb8743d000 	C:\WINDOWS\SYSTEM32\dhcpcsvc.DLL
0x00007ffb91f10000 - 0x00007ffb91fdc000 	C:\WINDOWS\SYSTEM32\DNSAPI.dll
0x00007ffb773c0000 - 0x00007ffb773d2000 	C:\Program Files\AdoptOpenJDK\jdk-8.0.292.10-hotspot\jre\bin\nio.dll
0x0000000180000000 - 0x0000000180053000 	C:\Users\magal\AppData\Local\Temp\libgdxmagal\dc0f0009\lwjgl64.dll
0x00007ffb778d0000 - 0x00007ffb779f6000 	C:\WINDOWS\SYSTEM32\OPENGL32.dll
0x00007ffb778a0000 - 0x00007ffb778cc000 	C:\WINDOWS\SYSTEM32\GLU32.dll
0x0000024b06610000 - 0x0000024b06674000 	C:\Users\magal\AppData\Local\Temp\libgdxmagal\dc0f0009\OpenAL64.dll
0x00007ffb94fe0000 - 0x00007ffb9510a000 	C:\WINDOWS\System32\ole32.dll
0x00007ffb915f0000 - 0x00007ffb91602000 	C:\WINDOWS\SYSTEM32\kernel.appcore.dll
0x00007ffb8c760000 - 0x00007ffb8c7fe000 	C:\WINDOWS\system32\uxtheme.dll
0x00007ffb93e90000 - 0x00007ffb93f39000 	C:\WINDOWS\System32\clbcatq.dll
0x00007ffb64590000 - 0x00007ffb6462c000 	C:\WINDOWS\SYSTEM32\dsound.dll
0x00007ffb6d160000 - 0x00007ffb6d186000 	C:\WINDOWS\SYSTEM32\winmmbase.dll
0x00007ffb92960000 - 0x00007ffb929ab000 	C:\WINDOWS\SYSTEM32\powrprof.dll
0x00007ffb92930000 - 0x00007ffb92942000 	C:\WINDOWS\SYSTEM32\UMPDC.dll
0x00007ffb88680000 - 0x00007ffb88705000 	C:\WINDOWS\System32\MMDevApi.dll
0x00007ffb92780000 - 0x00007ffb927ac000 	C:\WINDOWS\System32\DEVOBJ.dll
0x00007ffb92d00000 - 0x00007ffb92d4e000 	C:\WINDOWS\System32\cfgmgr32.dll
0x00007ffb89070000 - 0x00007ffb891f1000 	C:\WINDOWS\SYSTEM32\AUDIOSES.DLL
0x00007ffb93ce0000 - 0x00007ffb93dad000 	C:\WINDOWS\System32\OLEAUT32.dll
0x00007ffb91080000 - 0x00007ffb91264000 	C:\WINDOWS\SYSTEM32\dbghelp.dll

VM Arguments:
jvm_args: -Duser.language=es_AR -Dfile.encoding=UTF-8 
java_command: org.uqbar.project.wollok.launch.WollokLauncher -requestsPort 0 -eventsPort 0 -folder -dontValidate -wf src/programa_juego_aventura.wpgm
java_class_path (initial): C:\Users\magal\OneDrive\Desktop\Facultad\Objetos 1 - 2021\Ejercicios\TP\grupo1-juego-aventura-2021\bin;C:\Users\magal\OneDrive\Desktop\Facultad\Objetos 1 - 2021\wollok-win32.win32.x86_64\plugins\com.ibm.icu_64.2.0.v20190507-1337.jar;C:\Users\magal\OneDrive\Desktop\Facultad\Objetos 1 - 2021\wollok-win32.win32.x86_64\plugins\org.eclipse.xtext_2.20.0.v20191202-0915.jar;C:\Users\magal\OneDrive\Desktop\Facultad\Objetos 1 - 2021\wollok-win32.win32.x86_64\plugins\org.eclipse.emf.ecore.xmi_2.16.0.v20190528-0725.jar;C:\Users\magal\OneDrive\Desktop\Facultad\Objetos 1 - 2021\wollok-win32.win32.x86_64\plugins\org.eclipse.emf.ecore_2.20.0.v20190920-0401.jar;C:\Users\magal\OneDrive\Desktop\Facultad\Objetos 1 - 2021\wollok-win32.win32.x86_64\plugins\org.eclipse.emf.common_2.17.0.v20190920-0401.jar;C:\Users\magal\OneDrive\Desktop\Facultad\Objetos 1 - 2021\wollok-win32.win32.x86_64\plugins\org.antlr.runtime_3.2.0.v201101311130.jar;C:\Users\magal\OneDrive\Desktop\Facultad\Objetos 1 - 2021\wollok-win32.win32.x86_64\plugins\com.google.inject_3.0.0.v201605172100.jar;C:\Users\magal\OneDrive\Desktop\Facultad\Objetos 1 - 2021\wollok-win32.win32.x86_64\plugins\org.eclipse.emf.mwe.core_1.5.1.v20191121-1148.jar;C:\Users\magal\OneDrive\Desktop\Facultad\Objetos 1 - 2021\wollok-win32.win32.x86_64\plugins\org.apache.commons.cli_1.2.0.v201404270220.jar;C:\Users\magal\OneDrive\Desktop\Facultad\Objetos 1 - 2021\wollok-win32.win32.x86_64\plugins\org.eclipse.emf.mwe2.runtime_2.11.1.v20191121-1148.jar;C:\Users\magal\OneDrive\Desktop\Facultad\Objetos 1 - 2021\wollok-win32.win32.x86_64\plugins\org.eclipse.emf.mwe.utils_1.5.1.v20191121-1148.jar;C:\Users\magal\OneDrive\Desktop\Facultad\Objetos 1 - 2021\wollok-win32.win32.x86_64\plugins\org.eclipse.xtext.util_2.20.0.v20191202-0915.jar;C:\Users\magal\OneDrive\Desktop\Facultad\Objetos 1 - 2021\wollok-win32.win32.x86_64\plugins\com.google.guava_27.1.0.v20190517-1946.jar;C:\Users\magal\OneDrive\Desktop\Facultad\Objetos 1 - 2021\woll
Launcher Type: SUN_STANDARD

Environment Variables:
PATH=C:/Program Files/AdoptOpenJDK/jdk-8.0.292.10-hotspot/bin/../jre/bin/server;C:/Program Files/AdoptOpenJDK/jdk-8.0.292.10-hotspot/bin/../jre/bin;C:/Program Files/AdoptOpenJDK/jdk-8.0.292.10-hotspot/bin/../jre/lib/amd64;C:\Program Files\AdoptOpenJDK\jdk-8.0.292.10-hotspot\bin;C:\WINDOWS\system32;C:\WINDOWS;C:\WINDOWS\System32\Wbem;C:\WINDOWS\System32\WindowsPowerShell\v1.0\;C:\WINDOWS\System32\OpenSSH\;C:\Program Files\Git\cmd;C:\Users\magal\AppData\Local\Microsoft\WindowsApps;;C:\Users\magal\AppData\Local\Programs\Microsoft VS Code\bin;C:\Users\magal\OneDrive\Desktop\Facultad\Objetos 1 - 2021\wollok-win32.win32.x86_64;
USERNAME=magal
OS=Windows_NT
PROCESSOR_IDENTIFIER=Intel64 Family 6 Model 126 Stepping 5, GenuineIntel



---------------  S Y S T E M  ---------------

OS: Windows 10.0 , 64 bit Build 19041 (10.0.19041.1023)

CPU:total 8 (initial active 8) (4 cores per cpu, 2 threads per core) family 6 model 126 stepping 5, cmov, cx8, fxsr, mmx, sse, sse2, sse3, ssse3, sse4.1, sse4.2, popcnt, avx, avx2, aes, clmul, erms, 3dnowpref, lzcnt, ht, tsc, tscinvbit, bmi1, bmi2, adx

Memory: 4k page, physical 3875520k(385908k free), swap 10781376k(3709220k free)

vm_info: OpenJDK 64-Bit Server VM (25.292-b10) for windows-amd64 JRE (1.8.0_292-b10), built on Apr 21 2021 04:52:30 by "jenkins" with MS VC++ 12.0 (VS2013)

time: Mon Jun 21 21:30:15 2021
timezone: Hora estándar de Argentina
elapsed time: 2.688525 seconds (0d 0h 0m 2s)

